<?xml version="1.0" encoding="UTF-8"?>
<!-- Generated by org.testng.reporters.JUnitReportReporter -->
<testsuite hostname="MWDH-Work2" failures="0" tests="1" name="Testing.FireFox" time="5.159" errors="0" timestamp="2022-07-23T21:11:38 AST" skipped="0">
  <testcase classname="Testing.FireFox" name="firefoxWebDriver" time="5.159"/>
  <system-out/>
</testsuite> <!-- Testing.FireFox -->
